

Microchip MPLAB XC8 Assembler V2.32 build 20210201212658 
                                                                                               Wed Dec 29 23:42:14 2021

Microchip MPLAB XC8 C Compiler v2.32 (Free license) build 20210201212658 Og1 
     1                           	processor	18F2550
     2                           	fnconf	rparam,??,?,0
     3                           	pagewidth 120
     4                           	opt	flic
     5                           	psect	cinit,global,reloc=2,class=CODE,delta=1
     6                           	psect	cstackCOMRAM,global,class=COMRAM,space=1,delta=1,lowdata,noexec
     7                           	psect	text0,global,reloc=2,class=CODE,delta=1
     8                           	psect	intsave_regs,global,class=BIGRAM,space=1,delta=1,noexec
     9                           	psect	rparam,global,class=COMRAM,space=1,delta=1,noexec
    10                           	psect	idloc,global,abs,ovrld,class=IDLOC,space=5,delta=1,noexec
    11                           	psect	config,global,abs,ovrld,class=CONFIG,space=4,delta=1,noexec
    12  0000                     
    13                           ; Version 2.20
    14                           ; Generated 12/02/2020 GMT
    15                           ; 
    16                           ; Copyright © 2020, Microchip Technology Inc. and its subsidiaries ("Microchip")
    17                           ; All rights reserved.
    18                           ; 
    19                           ; This software is developed by Microchip Technology Inc. and its subsidiaries ("Microch
      +                          ip").
    20                           ; 
    21                           ; Redistribution and use in source and binary forms, with or without modification, are
    22                           ; permitted provided that the following conditions are met:
    23                           ; 
    24                           ;     1. Redistributions of source code must retain the above copyright notice, this lis
      +                          t of
    25                           ;        conditions and the following disclaimer.
    26                           ; 
    27                           ;     2. Redistributions in binary form must reproduce the above copyright notice, this 
      +                          list
    28                           ;        of conditions and the following disclaimer in the documentation and/or other
    29                           ;        materials provided with the distribution.
    30                           ; 
    31                           ;     3. Microchip's name may not be used to endorse or promote products derived from th
      +                          is
    32                           ;        software without specific prior written permission.
    33                           ; 
    34                           ; THIS SOFTWARE IS PROVIDED BY MICROCHIP "AS IS" AND ANY EXPRESS OR IMPLIED WARRANTIES,
    35                           ; INCLUDING, BUT NOT LIMITED TO, THE IMPLIED WARRANTIES OF MERCHANTABILITY AND FITNESS F
      +                          OR
    36                           ; PURPOSE ARE DISCLAIMED.  IN NO EVENT SHALL MICROCHIP BE LIABLE FOR ANY DIRECT, INDIREC
      +                          T,
    37                           ; INCIDENTAL, SPECIAL, EXEMPLARY, OR CONSEQUENTIAL DAMAGES (INCLUDING BUT NOT LIMITED TO
    38                           ; PROCUREMENT OF SUBSTITUTE GOODS OR SERVICES; LOSS OF USE, DATA OR PROFITS; OR BUSINESS
    39                           ; INTERRUPTION) HOWSOEVER CAUSED AND ON ANY THEORY OF LIABILITY, WHETHER IN CONTRACT, ST
      +                          RICT
    40                           ; LIABILITY, OR TORT (INCLUDING NEGLIGENCE OR OTHERWISE) ARISING IN ANY WAY OUT OF THE U
      +                          SE OF
    41                           ; THIS SOFTWARE, EVEN IF ADVISED OF THE POSSIBILITY OF SUCH DAMAGE.
    42                           ; 
    43                           ; 
    44                           ; Code-generator required, PIC18F2550 Definitions
    45                           ; 
    46                           ; SFR Addresses
    47  0000                     _LATB4	set	31828
    48  0000                     _TRISB4	set	31900
    49                           
    50                           ; #config settings
    51                           
    52                           	psect	cinit
    53  007FCC                     __pcinit:
    54                           	callstack 0
    55  007FCC                     start_initialization:
    56                           	callstack 0
    57  007FCC                     __initialization:
    58                           	callstack 0
    59  007FCC                     end_of_initialization:
    60                           	callstack 0
    61  007FCC                     __end_of__initialization:
    62                           	callstack 0
    63  007FCC  0100               	movlb	0
    64  007FCE  EFE9  F03F         	goto	_main	;jump to C main() function
    65                           
    66                           	psect	cstackCOMRAM
    67  000001                     __pcstackCOMRAM:
    68                           	callstack 0
    69  000001                     ??_main:
    70                           
    71                           ; 1 bytes @ 0x0
    72  000001                     	ds	1
    73                           
    74 ;;
    75 ;;Main: autosize = 0, tempsize = 1, incstack = 0, save=0
    76 ;;
    77 ;; *************** function _main *****************
    78 ;; Defined at:
    79 ;;		line 14 in file "main.c"
    80 ;; Parameters:    Size  Location     Type
    81 ;;		None
    82 ;; Auto vars:     Size  Location     Type
    83 ;;		None
    84 ;; Return value:  Size  Location     Type
    85 ;;                  1    wreg      void 
    86 ;; Registers used:
    87 ;;		wreg
    88 ;; Tracked objects:
    89 ;;		On entry : 0/0
    90 ;;		On exit  : 0/0
    91 ;;		Unchanged: 0/0
    92 ;; Data sizes:     COMRAM   BANK0   BANK1   BANK2   BANK3   BANK4   BANK5   BANK6   BANK7
    93 ;;      Params:         0       0       0       0       0       0       0       0       0
    94 ;;      Locals:         0       0       0       0       0       0       0       0       0
    95 ;;      Temps:          1       0       0       0       0       0       0       0       0
    96 ;;      Totals:         1       0       0       0       0       0       0       0       0
    97 ;;Total ram usage:        1 bytes
    98 ;; This function calls:
    99 ;;		Nothing
   100 ;; This function is called by:
   101 ;;		Startup code after reset
   102 ;; This function uses a non-reentrant model
   103 ;;
   104                           
   105                           	psect	text0
   106  007FD2                     __ptext0:
   107                           	callstack 0
   108  007FD2                     _main:
   109                           	callstack 31
   110  007FD2                     
   111                           ;main.c: 17:     TRISB4 = 0;
   112  007FD2  9893               	bcf	3987,4,c	;volatile
   113  007FD4                     l11:
   114                           
   115                           ;main.c: 20:     {;main.c: 21:         LATB4 = 1;
   116  007FD4  888A               	bsf	3978,4,c	;volatile
   117  007FD6                     
   118                           ;main.c: 22:         _delay((unsigned long)((500)*(1000000/4000.0)));
   119  007FD6  0EA3               	movlw	163
   120  007FD8  6E01               	movwf	??_main^0,c
   121  007FDA  0E55               	movlw	85
   122  007FDC                     u17:
   123  007FDC  2EE8               	decfsz	wreg,f,c
   124  007FDE  D7FE               	bra	u17
   125  007FE0  2E01               	decfsz	??_main^0,f,c
   126  007FE2  D7FC               	bra	u17
   127  007FE4  F000               	nop	
   128  007FE6                     
   129                           ;main.c: 23:         LATB4 = 0;
   130  007FE6  988A               	bcf	3978,4,c	;volatile
   131                           
   132                           ;main.c: 24:         _delay((unsigned long)((500)*(1000000/4000.0)));
   133  007FE8  0EA3               	movlw	163
   134  007FEA  6E01               	movwf	??_main^0,c
   135  007FEC  0E55               	movlw	85
   136  007FEE                     u27:
   137  007FEE  2EE8               	decfsz	wreg,f,c
   138  007FF0  D7FE               	bra	u27
   139  007FF2  2E01               	decfsz	??_main^0,f,c
   140  007FF4  D7FC               	bra	u27
   141  007FF6  F000               	nop	
   142  007FF8  EFEA  F03F         	goto	l11
   143  007FFC  EF00  F000         	goto	start
   144  008000                     __end_of_main:
   145                           	callstack 0
   146  0000                     
   147                           	psect	rparam
   148  0000                     
   149                           	psect	idloc
   150                           
   151                           ;Config register IDLOC0 @ 0x200000
   152                           ;	unspecified, using default values
   153  200000                     	org	2097152
   154  200000  FF                 	db	255
   155                           
   156                           ;Config register IDLOC1 @ 0x200001
   157                           ;	unspecified, using default values
   158  200001                     	org	2097153
   159  200001  FF                 	db	255
   160                           
   161                           ;Config register IDLOC2 @ 0x200002
   162                           ;	unspecified, using default values
   163  200002                     	org	2097154
   164  200002  FF                 	db	255
   165                           
   166                           ;Config register IDLOC3 @ 0x200003
   167                           ;	unspecified, using default values
   168  200003                     	org	2097155
   169  200003  FF                 	db	255
   170                           
   171                           ;Config register IDLOC4 @ 0x200004
   172                           ;	unspecified, using default values
   173  200004                     	org	2097156
   174  200004  FF                 	db	255
   175                           
   176                           ;Config register IDLOC5 @ 0x200005
   177                           ;	unspecified, using default values
   178  200005                     	org	2097157
   179  200005  FF                 	db	255
   180                           
   181                           ;Config register IDLOC6 @ 0x200006
   182                           ;	unspecified, using default values
   183  200006                     	org	2097158
   184  200006  FF                 	db	255
   185                           
   186                           ;Config register IDLOC7 @ 0x200007
   187                           ;	unspecified, using default values
   188  200007                     	org	2097159
   189  200007  FF                 	db	255
   190                           
   191                           	psect	config
   192                           
   193                           ;Config register CONFIG1L @ 0x300000
   194                           ;	PLL Prescaler Selection bits
   195                           ;	PLLDIV = 2, Divide by 2 (8 MHz oscillator input)
   196                           ;	System Clock Postscaler Selection bits
   197                           ;	CPUDIV = OSC2_PLL3, [Primary Oscillator Src: /2][96 MHz PLL Src: /3]
   198                           ;	USB Clock Selection bit (used in Full-Speed USB mode only; UCFG:FSEN = 1)
   199                           ;	USBDIV = 2, USB clock source comes from the 96 MHz PLL divided by 2
   200  300000                     	org	3145728
   201  300000  29                 	db	41
   202                           
   203                           ;Config register CONFIG1H @ 0x300001
   204                           ;	Oscillator Selection bits
   205                           ;	FOSC = INTOSC_HS, Internal oscillator, HS oscillator used by USB (INTHS)
   206                           ;	Fail-Safe Clock Monitor Enable bit
   207                           ;	FCMEN = OFF, Fail-Safe Clock Monitor disabled
   208                           ;	Internal/External Oscillator Switchover bit
   209                           ;	IESO = OFF, Oscillator Switchover mode disabled
   210  300001                     	org	3145729
   211  300001  0B                 	db	11
   212                           
   213                           ;Config register CONFIG2L @ 0x300002
   214                           ;	Power-up Timer Enable bit
   215                           ;	PWRT = ON, PWRT enabled
   216                           ;	Brown-out Reset Enable bits
   217                           ;	BOR = OFF, Brown-out Reset disabled in hardware and software
   218                           ;	Brown-out Reset Voltage bits
   219                           ;	BORV = 3, Minimum setting 2.05V
   220                           ;	USB Voltage Regulator Enable bit
   221                           ;	VREGEN = OFF, USB voltage regulator disabled
   222  300002                     	org	3145730
   223  300002  18                 	db	24
   224                           
   225                           ;Config register CONFIG2H @ 0x300003
   226                           ;	Watchdog Timer Enable bit
   227                           ;	WDT = OFF, WDT disabled (control is placed on the SWDTEN bit)
   228                           ;	Watchdog Timer Postscale Select bits
   229                           ;	WDTPS = 32768, 1:32768
   230  300003                     	org	3145731
   231  300003  1E                 	db	30
   232                           
   233                           ; Padding undefined space
   234  300004                     	org	3145732
   235  300004  FF                 	db	255
   236                           
   237                           ;Config register CONFIG3H @ 0x300005
   238                           ;	CCP2 MUX bit
   239                           ;	CCP2MX = ON, CCP2 input/output is multiplexed with RC1
   240                           ;	PORTB A/D Enable bit
   241                           ;	PBADEN = OFF, PORTB<4:0> pins are configured as digital I/O on Reset
   242                           ;	Low-Power Timer 1 Oscillator Enable bit
   243                           ;	LPT1OSC = OFF, Timer1 configured for higher power operation
   244                           ;	MCLR Pin Enable bit
   245                           ;	MCLRE = OFF, RE3 input pin enabled; MCLR pin disabled
   246  300005                     	org	3145733
   247  300005  01                 	db	1
   248                           
   249                           ;Config register CONFIG4L @ 0x300006
   250                           ;	Stack Full/Underflow Reset Enable bit
   251                           ;	STVREN = ON, Stack full/underflow will cause Reset
   252                           ;	Single-Supply ICSP Enable bit
   253                           ;	LVP = OFF, Single-Supply ICSP disabled
   254                           ;	Extended Instruction Set Enable bit
   255                           ;	XINST = OFF, Instruction set extension and Indexed Addressing mode disabled (Legacy mo
      +                          de)
   256                           ;	Background Debugger Enable bit
   257                           ;	DEBUG = 0x1, unprogrammed default
   258  300006                     	org	3145734
   259  300006  81                 	db	129
   260                           
   261                           ; Padding undefined space
   262  300007                     	org	3145735
   263  300007  FF                 	db	255
   264                           
   265                           ;Config register CONFIG5L @ 0x300008
   266                           ;	Code Protection bit
   267                           ;	CP0 = OFF, Block 0 (000800-001FFFh) is not code-protected
   268                           ;	Code Protection bit
   269                           ;	CP1 = OFF, Block 1 (002000-003FFFh) is not code-protected
   270                           ;	Code Protection bit
   271                           ;	CP2 = OFF, Block 2 (004000-005FFFh) is not code-protected
   272                           ;	Code Protection bit
   273                           ;	CP3 = OFF, Block 3 (006000-007FFFh) is not code-protected
   274  300008                     	org	3145736
   275  300008  0F                 	db	15
   276                           
   277                           ;Config register CONFIG5H @ 0x300009
   278                           ;	Boot Block Code Protection bit
   279                           ;	CPB = OFF, Boot block (000000-0007FFh) is not code-protected
   280                           ;	Data EEPROM Code Protection bit
   281                           ;	CPD = OFF, Data EEPROM is not code-protected
   282  300009                     	org	3145737
   283  300009  C0                 	db	192
   284                           
   285                           ;Config register CONFIG6L @ 0x30000A
   286                           ;	Write Protection bit
   287                           ;	WRT0 = OFF, Block 0 (000800-001FFFh) is not write-protected
   288                           ;	Write Protection bit
   289                           ;	WRT1 = OFF, Block 1 (002000-003FFFh) is not write-protected
   290                           ;	Write Protection bit
   291                           ;	WRT2 = OFF, Block 2 (004000-005FFFh) is not write-protected
   292                           ;	Write Protection bit
   293                           ;	WRT3 = OFF, Block 3 (006000-007FFFh) is not write-protected
   294  30000A                     	org	3145738
   295  30000A  0F                 	db	15
   296                           
   297                           ;Config register CONFIG6H @ 0x30000B
   298                           ;	Configuration Register Write Protection bit
   299                           ;	WRTC = OFF, Configuration registers (300000-3000FFh) are not write-protected
   300                           ;	Boot Block Write Protection bit
   301                           ;	WRTB = OFF, Boot block (000000-0007FFh) is not write-protected
   302                           ;	Data EEPROM Write Protection bit
   303                           ;	WRTD = OFF, Data EEPROM is not write-protected
   304  30000B                     	org	3145739
   305  30000B  E0                 	db	224
   306                           
   307                           ;Config register CONFIG7L @ 0x30000C
   308                           ;	Table Read Protection bit
   309                           ;	EBTR0 = OFF, Block 0 (000800-001FFFh) is not protected from table reads executed in ot
      +                          her blocks
   310                           ;	Table Read Protection bit
   311                           ;	EBTR1 = OFF, Block 1 (002000-003FFFh) is not protected from table reads executed in ot
      +                          her blocks
   312                           ;	Table Read Protection bit
   313                           ;	EBTR2 = OFF, Block 2 (004000-005FFFh) is not protected from table reads executed in ot
      +                          her blocks
   314                           ;	Table Read Protection bit
   315                           ;	EBTR3 = OFF, Block 3 (006000-007FFFh) is not protected from table reads executed in ot
      +                          her blocks
   316  30000C                     	org	3145740
   317  30000C  0F                 	db	15
   318                           
   319                           ;Config register CONFIG7H @ 0x30000D
   320                           ;	Boot Block Table Read Protection bit
   321                           ;	EBTRB = OFF, Boot block (000000-0007FFh) is not protected from table reads executed in
      +                           other blocks
   322  30000D                     	org	3145741
   323  30000D  40                 	db	64
   324                           tosu	equ	0xFFF
   325                           tosh	equ	0xFFE
   326                           tosl	equ	0xFFD
   327                           stkptr	equ	0xFFC
   328                           pclatu	equ	0xFFB
   329                           pclath	equ	0xFFA
   330                           pcl	equ	0xFF9
   331                           tblptru	equ	0xFF8
   332                           tblptrh	equ	0xFF7
   333                           tblptrl	equ	0xFF6
   334                           tablat	equ	0xFF5
   335                           prodh	equ	0xFF4
   336                           prodl	equ	0xFF3
   337                           indf0	equ	0xFEF
   338                           postinc0	equ	0xFEE
   339                           postdec0	equ	0xFED
   340                           preinc0	equ	0xFEC
   341                           plusw0	equ	0xFEB
   342                           fsr0h	equ	0xFEA
   343                           fsr0l	equ	0xFE9
   344                           wreg	equ	0xFE8
   345                           indf1	equ	0xFE7
   346                           postinc1	equ	0xFE6
   347                           postdec1	equ	0xFE5
   348                           preinc1	equ	0xFE4
   349                           plusw1	equ	0xFE3
   350                           fsr1h	equ	0xFE2
   351                           fsr1l	equ	0xFE1
   352                           bsr	equ	0xFE0
   353                           indf2	equ	0xFDF
   354                           postinc2	equ	0xFDE
   355                           postdec2	equ	0xFDD
   356                           preinc2	equ	0xFDC
   357                           plusw2	equ	0xFDB
   358                           fsr2h	equ	0xFDA
   359                           fsr2l	equ	0xFD9
   360                           status	equ	0xFD8

Data Sizes:
    Strings     0
    Constant    0
    Data        0
    BSS         0
    Persistent  0
    Stack       0

Auto Spaces:
    Space          Size  Autos    Used
    COMRAM           95      1       1
    BANK0           160      0       0
    BANK1           256      0       0
    BANK2           256      0       0
    BANK3           256      0       0
    BANK4           256      0       0
    BANK5           256      0       0
    BANK6           256      0       0
    BANK7           256      0       0

Pointer List with Targets:

    None.

Critical Paths under _main in COMRAM

    None.

Critical Paths under _main in BANK0

    None.

Critical Paths under _main in BANK1

    None.

Critical Paths under _main in BANK2

    None.

Critical Paths under _main in BANK3

    None.

Critical Paths under _main in BANK4

    None.

Critical Paths under _main in BANK5

    None.

Critical Paths under _main in BANK6

    None.

Critical Paths under _main in BANK7

    None.

Call Graph Tables:

 ---------------------------------------------------------------------------------
 (Depth) Function   	        Calls       Base Space   Used Autos Params    Refs
 ---------------------------------------------------------------------------------
 (0) _main                                                 1     1      0       0
                                              0 COMRAM     1     1      0
 ---------------------------------------------------------------------------------
 Estimated maximum stack depth 0
 ---------------------------------------------------------------------------------

 Call Graph Graphs:

 _main (ROOT)

 Address spaces:
Name               Size   Autos  Total    Cost      Usage
BITCOMRAM           5F      0       0       0        0.0%
EEDATA             100      0       0       0        0.0%
NULL                 0      0       0       0        0.0%
CODE                 0      0       0       0        0.0%
COMRAM              5F      1       1       1        1.1%
STACK                0      0       0       2        0.0%
DATA                 0      0       0       3        0.0%
BITBANK0            A0      0       0       4        0.0%
BANK0               A0      0       0       5        0.0%
BITBANK1           100      0       0       6        0.0%
BANK1              100      0       0       7        0.0%
BITBANK2           100      0       0       8        0.0%
BANK2              100      0       0       9        0.0%
BITBANK3           100      0       0      10        0.0%
BANK3              100      0       0      11        0.0%
BITBANK4           100      0       0      12        0.0%
BANK4              100      0       0      13        0.0%
BITBANK5           100      0       0      14        0.0%
BANK5              100      0       0      15        0.0%
BITBANK6           100      0       0      16        0.0%
BANK6              100      0       0      17        0.0%
BITBANK7           100      0       0      18        0.0%
BANK7              100      0       0      19        0.0%
ABS                  0      0       0      20        0.0%
BIGRAM             7FF      0       0      21        0.0%
BITSFR               0      0       0     200        0.0%
SFR                  0      0       0     200        0.0%


Microchip Technology PIC18 Macro Assembler V2.32 build 20210201212658 
Symbol Table                                                                                   Wed Dec 29 23:42:14 2021

                     l11 7FD4                       u17 7FDC                       u27 7FEE  
                    l690 7FD2                      l692 7FD6                      l694 7FE6  
                    wreg 000FE8                     _main 7FD2                     start 0000  
           ___param_bank 000000                    ?_main 0001                    _LATB4 007C54  
        __initialization 7FCC             __end_of_main 8000                   ??_main 0001  
          __activetblptr 000000                   _TRISB4 007C9C                   isa$std 000001  
             __accesstop 0060  __end_of__initialization 7FCC            ___rparam_used 000001  
         __pcstackCOMRAM 0001                  __Hparam 0000                  __Lparam 0000  
                __pcinit 7FCC                  __ramtop 0800                  __ptext0 7FD2  
   end_of_initialization 7FCC      start_initialization 7FCC                 __Hrparam 0000  
               __Lrparam 0000            __size_of_main 002E                 isa$xinst 000000  
